"File: driver_app.c  Assembler  Version HGASM0202      Page 1


   1  0000              ; Generated by holtek-gcc v3.19, Tue Apr 16 15:16:58 2024
   2  0000              ; 
   3  0000              ; Configuration:
   4  0000              ;       without long instruction
   5  0000              ;       Single ROM, Multi-RAM
   6  0000              ;       bits_per_rom_unit:16
   7  0000              ;       with mp1
   8  0000              ;       with tbhp, address(0x9)
   9  0000              ;          Use tabrd-const
  10  0000              ;       
  11  0000              ;       
  12  0000              ;       
  13  0000              ; use 'tabrdc' instead of 'tabrd'
  14  0000              ;       
  15  0000              
  16  0000              #pragma translator "holtek-gcc 4.6.4" "3.19" "build 20130711"
  17  0000              ; Rebuild 718
  18  0000              
  19  0000              ir equ [2]
  20  0000              mp equ [3]
  21  0000              sbp equ [1]
  22  0000              acc equ [5]
  23  0000              bp equ [4]
  24  0000              tblp equ [7]
  25  0000              tbhp equ [9]
  26  0000              status equ [10]
  27  0000              c equ [10].0
  28  0000              ac equ [10].1
  29  0000              z equ [10].2
  30  0000              ov equ [10].3
  31  0000              intc equ [11]
  32  0000              
  33  0000              extern ra:byte
  34  0000              extern rb:byte
  35  0000              extern rc:byte
  36  0000              extern rd:byte
  37  0000              extern re:byte
  38  0000              extern rf:byte
  39  0000              extern rg:byte
  40  0000              extern rh:byte
  41  0000              extern _Crom2Prom:near
  42  0000              extern _Crom2PromNext:near
  43  0000              
  44  0000              RAMBANK 0 @HCCINIT, @HCCINIT0
  45  0000              
  46  0000              RAMBANK 0 @BITDATASEC, @BITDATASEC1
  47  0000              @HCCINIT	.section 'data'
  48  0000              @HCCINIT0	.section 'data'
  49  0000              @BITDATASEC	 .section 'data'
  50  0000              @BITDATASEC1	 .section 'data'
  51  0000              
  52  0000              #pragma debug scope 1 1
  53  0000              	extern __DELAY3:near
  54  0000              	extern __DELAYX3:near
  55  0000              	extern __DELAYX6:near
  56  0000              	extern __DELAYY5:near
  57  0000              	extern __DELAYY3:near
  58  0000              	extern _builtin_holtek_delay_2:byte
  59  0000              ___tmr equ [28]
"File: driver_app.ASM  Assembler  Version HGASM0202      Page 2

  60  0000              ___tmrc equ [29]
  61  0000              ___intc0 equ [14]
  62  0000              public _TIMER_Init
  63  0000              #pragma debug scope 2 1

   6  0000              #line 6 "C:\Users\Huy Le\Documents\VSHOME\SONHA\IWH_SH_I2C\SH1051_PUMP\SH1051_BS84B08C_PUMP\USER_PROGRAM\driver_app.c"
   6  0000              _TIMER_Init .section 'code'
   6  0000              _TIMER_Init proc
   7  0000              #line 7 "C:\Users\Huy Le\Documents\VSHOME\SONHA\IWH_SH_I2C\SH1051_PUMP\SH1051_BS84B08C_PUMP\USER_PROGRAM\driver_app.c"
   7  0000  0F82        	mov a,130
   7  0001  009C        	mov [28],a
   8  0002              #line 8 "C:\Users\Huy Le\Documents\VSHOME\SONHA\IWH_SH_I2C\SH1051_PUMP\SH1051_BS84B08C_PUMP\USER_PROGRAM\driver_app.c"
   8  0002  369D        	clr [29].5
   9  0003              #line 9 "C:\Users\Huy Le\Documents\VSHOME\SONHA\IWH_SH_I2C\SH1051_PUMP\SH1051_BS84B08C_PUMP\USER_PROGRAM\driver_app.c"
   9  0003  311D        	set [29].2
  10  0004              #line 10 "C:\Users\Huy Le\Documents\VSHOME\SONHA\IWH_SH_I2C\SH1051_PUMP\SH1051_BS84B08C_PUMP\USER_PROGRAM\driver_app.c"
  10  0004  349D        	clr [29].1
  11  0005              #line 11 "C:\Users\Huy Le\Documents\VSHOME\SONHA\IWH_SH_I2C\SH1051_PUMP\SH1051_BS84B08C_PUMP\USER_PROGRAM\driver_app.c"
  11  0005  341D        	clr [29].0
  13  0006              #line 13 "C:\Users\Huy Le\Documents\VSHOME\SONHA\IWH_SH_I2C\SH1051_PUMP\SH1051_BS84B08C_PUMP\USER_PROGRAM\driver_app.c"
  13  0006  321D        	set [29].4
  14  0007              #line 14 "C:\Users\Huy Le\Documents\VSHOME\SONHA\IWH_SH_I2C\SH1051_PUMP\SH1051_BS84B08C_PUMP\USER_PROGRAM\driver_app.c"
  14  0007  318E        	set [14].3
  14  0008  0003        	ret
  14  0009              _TIMER_Init endp
  14  0009              #line 14 "C:\Users\Huy Le\Documents\VSHOME\SONHA\IWH_SH_I2C\SH1051_PUMP\SH1051_BS84B08C_PUMP\USER_PROGRAM\driver_app.c"
  14  0009              #pragma debug scope 1 1
  14  0009              ___pac equ [21]
  14  0009              ___papu equ [22]
  14  0009              ___simc0 equ [36]
  14  0009              ___sima equ [39]
  14  0009              ___i2ctoc equ [35]
  14  0009              ___intc1 equ [15]
  14  0009              public _I2C_init
  14  0009              #pragma debug scope 3 1
  18  0009              #line 18 "C:\Users\Huy Le\Documents\VSHOME\SONHA\IWH_SH_I2C\SH1051_PUMP\SH1051_BS84B08C_PUMP\USER_PROGRAM\driver_app.c"
  18  0000              _I2C_init .section 'code'
  18  0000              _I2C_init proc
  19  0000              #line 19 "C:\Users\Huy Le\Documents\VSHOME\SONHA\IWH_SH_I2C\SH1051_PUMP\SH1051_BS84B08C_PUMP\USER_PROGRAM\driver_app.c"
  19  0000  3015        	set [21].0
  20  0001              #line 20 "C:\Users\Huy Le\Documents\VSHOME\SONHA\IWH_SH_I2C\SH1051_PUMP\SH1051_BS84B08C_PUMP\USER_PROGRAM\driver_app.c"
  20  0001  3115        	set [21].2
  21  0002              #line 21 "C:\Users\Huy Le\Documents\VSHOME\SONHA\IWH_SH_I2C\SH1051_PUMP\SH1051_BS84B08C_PUMP\USER_PROGRAM\driver_app.c"
  21  0002  3016        	set [22].0
  22  0003              #line 22 "C:\Users\Huy Le\Documents\VSHOME\SONHA\IWH_SH_I2C\SH1051_PUMP\SH1051_BS84B08C_PUMP\USER_PROGRAM\driver_app.c"
  22  0003  3116        	set [22].2
  23  0004              #line 23 "C:\Users\Huy Le\Documents\VSHOME\SONHA\IWH_SH_I2C\SH1051_PUMP\SH1051_BS84B08C_PUMP\USER_PROGRAM\driver_app.c"
  23  0004  33A4        	set [36].7
  24  0005              #line 24 "C:\Users\Huy Le\Documents\VSHOME\SONHA\IWH_SH_I2C\SH1051_PUMP\SH1051_BS84B08C_PUMP\USER_PROGRAM\driver_app.c"
  24  0005  3324        	set [36].6
  25  0006              #line 25 "C:\Users\Huy Le\Documents\VSHOME\SONHA\IWH_SH_I2C\SH1051_PUMP\SH1051_BS84B08C_PUMP\USER_PROGRAM\driver_app.c"
  25  0006  36A4        	clr [36].5
  27  0007              #line 27 "C:\Users\Huy Le\Documents\VSHOME\SONHA\IWH_SH_I2C\SH1051_PUMP\SH1051_BS84B08C_PUMP\USER_PROGRAM\driver_app.c"
  27  0007  30A4        	set [36].1
  29  0008              #line 29 "C:\Users\Huy Le\Documents\VSHOME\SONHA\IWH_SH_I2C\SH1051_PUMP\SH1051_BS84B08C_PUMP\USER_PROGRAM\driver_app.c"
  29  0008  0FA0        	mov a,160
  29  0009  00A7        	mov [39],a
  32  000A              #line 32 "C:\Users\Huy Le\Documents\VSHOME\SONHA\IWH_SH_I2C\SH1051_PUMP\SH1051_BS84B08C_PUMP\USER_PROGRAM\driver_app.c"
  32  000A  3023        	set [35].0
  33  000B              #line 33 "C:\Users\Huy Le\Documents\VSHOME\SONHA\IWH_SH_I2C\SH1051_PUMP\SH1051_BS84B08C_PUMP\USER_PROGRAM\driver_app.c"
"File: driver_app.c  Assembler  Version HGASM0202      Page 3

  33  000B  30A3        	set [35].1
  34  000C              #line 34 "C:\Users\Huy Le\Documents\VSHOME\SONHA\IWH_SH_I2C\SH1051_PUMP\SH1051_BS84B08C_PUMP\USER_PROGRAM\driver_app.c"
  34  000C  3123        	set [35].2
  35  000D              #line 35 "C:\Users\Huy Le\Documents\VSHOME\SONHA\IWH_SH_I2C\SH1051_PUMP\SH1051_BS84B08C_PUMP\USER_PROGRAM\driver_app.c"
  35  000D  31A3        	set [35].3
  36  000E              #line 36 "C:\Users\Huy Le\Documents\VSHOME\SONHA\IWH_SH_I2C\SH1051_PUMP\SH1051_BS84B08C_PUMP\USER_PROGRAM\driver_app.c"
  36  000E  3223        	set [35].4
  37  000F              #line 37 "C:\Users\Huy Le\Documents\VSHOME\SONHA\IWH_SH_I2C\SH1051_PUMP\SH1051_BS84B08C_PUMP\USER_PROGRAM\driver_app.c"
  37  000F  32A3        	set [35].5
  39  0010              #line 39 "C:\Users\Huy Le\Documents\VSHOME\SONHA\IWH_SH_I2C\SH1051_PUMP\SH1051_BS84B08C_PUMP\USER_PROGRAM\driver_app.c"
  39  0010  33A3        	set [35].7
  41  0011              #line 41 "C:\Users\Huy Le\Documents\VSHOME\SONHA\IWH_SH_I2C\SH1051_PUMP\SH1051_BS84B08C_PUMP\USER_PROGRAM\driver_app.c"
  41  0011  300F        	set [15].0
  42  0012              #line 42 "C:\Users\Huy Le\Documents\VSHOME\SONHA\IWH_SH_I2C\SH1051_PUMP\SH1051_BS84B08C_PUMP\USER_PROGRAM\driver_app.c"
  42  0012  300E        	set [14].0
  42  0013  0003        	ret
  42  0014              _I2C_init endp
  42  0014              #line 42 "C:\Users\Huy Le\Documents\VSHOME\SONHA\IWH_SH_I2C\SH1051_PUMP\SH1051_BS84B08C_PUMP\USER_PROGRAM\driver_app.c"
  42  0014              #pragma debug scope 1 1
  42  0014              ___acerl equ [50]
  42  0014              ___pbpu equ [34]
  42  0014              ___pdpu equ [55]
  42  0014              ___pa equ [20]
  42  0014              ___pdc equ [54]
  42  0014              ___pd equ [53]
  42  0014              public _IO_Init
  42  0014              #pragma debug scope 4 1
  45  0014              #line 45 "C:\Users\Huy Le\Documents\VSHOME\SONHA\IWH_SH_I2C\SH1051_PUMP\SH1051_BS84B08C_PUMP\USER_PROGRAM\driver_app.c"
  45  0000              _IO_Init .section 'code'
  45  0000              _IO_Init proc
  46  0000              #line 46 "C:\Users\Huy Le\Documents\VSHOME\SONHA\IWH_SH_I2C\SH1051_PUMP\SH1051_BS84B08C_PUMP\USER_PROGRAM\driver_app.c"
  46  0000  1F32        	clr [50]
  47  0001              #line 47 "C:\Users\Huy Le\Documents\VSHOME\SONHA\IWH_SH_I2C\SH1051_PUMP\SH1051_BS84B08C_PUMP\USER_PROGRAM\driver_app.c"
  47  0001  1F16        	clr [22]
  48  0002              #line 48 "C:\Users\Huy Le\Documents\VSHOME\SONHA\IWH_SH_I2C\SH1051_PUMP\SH1051_BS84B08C_PUMP\USER_PROGRAM\driver_app.c"
  48  0002  1F22        	clr [34]
  49  0003              #line 49 "C:\Users\Huy Le\Documents\VSHOME\SONHA\IWH_SH_I2C\SH1051_PUMP\SH1051_BS84B08C_PUMP\USER_PROGRAM\driver_app.c"
  49  0003  1F37        	clr [55]
  51  0004              #line 51 "C:\Users\Huy Le\Documents\VSHOME\SONHA\IWH_SH_I2C\SH1051_PUMP\SH1051_BS84B08C_PUMP\USER_PROGRAM\driver_app.c"
  51  0004  3595        	clr [21].3
  52  0005              #line 52 "C:\Users\Huy Le\Documents\VSHOME\SONHA\IWH_SH_I2C\SH1051_PUMP\SH1051_BS84B08C_PUMP\USER_PROGRAM\driver_app.c"
  52  0005  3594        	clr [20].3
  54  0006              #line 54 "C:\Users\Huy Le\Documents\VSHOME\SONHA\IWH_SH_I2C\SH1051_PUMP\SH1051_BS84B08C_PUMP\USER_PROGRAM\driver_app.c"
  54  0006  3495        	clr [21].1
  55  0007              #line 55 "C:\Users\Huy Le\Documents\VSHOME\SONHA\IWH_SH_I2C\SH1051_PUMP\SH1051_BS84B08C_PUMP\USER_PROGRAM\driver_app.c"
  55  0007  3494        	clr [20].1
  57  0008              #line 57 "C:\Users\Huy Le\Documents\VSHOME\SONHA\IWH_SH_I2C\SH1051_PUMP\SH1051_BS84B08C_PUMP\USER_PROGRAM\driver_app.c"
  57  0008  3436        	clr [54].0
  58  0009              #line 58 "C:\Users\Huy Le\Documents\VSHOME\SONHA\IWH_SH_I2C\SH1051_PUMP\SH1051_BS84B08C_PUMP\USER_PROGRAM\driver_app.c"
  58  0009  3035        	set [53].0
  60  000A              #line 60 "C:\Users\Huy Le\Documents\VSHOME\SONHA\IWH_SH_I2C\SH1051_PUMP\SH1051_BS84B08C_PUMP\USER_PROGRAM\driver_app.c"
  60  000A  3615        	clr [21].4
  61  000B              #line 61 "C:\Users\Huy Le\Documents\VSHOME\SONHA\IWH_SH_I2C\SH1051_PUMP\SH1051_BS84B08C_PUMP\USER_PROGRAM\driver_app.c"
  61  000B  3614        	clr [20].4
  63  000C              #line 63 "C:\Users\Huy Le\Documents\VSHOME\SONHA\IWH_SH_I2C\SH1051_PUMP\SH1051_BS84B08C_PUMP\USER_PROGRAM\driver_app.c"
  63  000C  3395        	set [21].7
  64  000D              #line 64 "C:\Users\Huy Le\Documents\VSHOME\SONHA\IWH_SH_I2C\SH1051_PUMP\SH1051_BS84B08C_PUMP\USER_PROGRAM\driver_app.c"
  64  000D  3396        	set [22].7
  66  000E              #line 66 "C:\Users\Huy Le\Documents\VSHOME\SONHA\IWH_SH_I2C\SH1051_PUMP\SH1051_BS84B08C_PUMP\USER_PROGRAM\driver_app.c"
  66  000E  3036        	set [54].0
"File: driver_app.c  Assembler  Version HGASM0202      Page 4

  67  000F              #line 67 "C:\Users\Huy Le\Documents\VSHOME\SONHA\IWH_SH_I2C\SH1051_PUMP\SH1051_BS84B08C_PUMP\USER_PROGRAM\driver_app.c"
  67  000F  3037        	set [55].0
  70  0010              #line 70 "C:\Users\Huy Le\Documents\VSHOME\SONHA\IWH_SH_I2C\SH1051_PUMP\SH1051_BS84B08C_PUMP\USER_PROGRAM\driver_app.c"
  70  0010  30B6        	set [54].1
  71  0011              #line 71 "C:\Users\Huy Le\Documents\VSHOME\SONHA\IWH_SH_I2C\SH1051_PUMP\SH1051_BS84B08C_PUMP\USER_PROGRAM\driver_app.c"
  71  0011  30B7        	set [55].1
  71  0012  0003        	ret
  71  0013              _IO_Init endp
  71  0013              #line 71 "C:\Users\Huy Le\Documents\VSHOME\SONHA\IWH_SH_I2C\SH1051_PUMP\SH1051_BS84B08C_PUMP\USER_PROGRAM\driver_app.c"
  71  0013              #pragma debug scope 1 1
  71  0013              public _set_buzzer_on
  71  0013              #pragma debug scope 5 1
  76  0013              #line 76 "C:\Users\Huy Le\Documents\VSHOME\SONHA\IWH_SH_I2C\SH1051_PUMP\SH1051_BS84B08C_PUMP\USER_PROGRAM\driver_app.c"
  76  0000              _set_buzzer_on .section 'code'
  76  0000              _set_buzzer_on proc
  76  0000              public _set_buzzer_on_2
  76  0000  0002[           local _set_buzzer_on_2 db 2 dup(?)	; 2,0
            00
            ]
  76  0002              #pragma debug variable 12 5 _set_buzzer_on_2+0 "timer_for_buzzer"
  77  0002              #line 77 "C:\Users\Huy Le\Documents\VSHOME\SONHA\IWH_SH_I2C\SH1051_PUMP\SH1051_BS84B08C_PUMP\USER_PROGRAM\driver_app.c"
  77  0000  0700     R  	mov a,_set_buzzer_on_2[0]
  77  0001  0080     E  	mov _u16_timer_for_buzzer[0],a
  77  0002  0700     R  	mov a,_set_buzzer_on_2[1]
  77  0003  0080     E  	mov _u16_timer_for_buzzer[1],a
  77  0004  0F03        	mov a,3
  77  0005              _LI1:
  77  0005  340A        	clr c
  77  0006  1A80     E  	rlc _u16_timer_for_buzzer[0]
  77  0007  1A80     E  	rlc _u16_timer_for_buzzer[1]
  77  0008  1785        	sdz acc
  77  0009  2800     R  	jmp _LI1
  77  000A  0003        	ret
  77  000B              _set_buzzer_on endp
  77  000B              #line 77 "C:\Users\Huy Le\Documents\VSHOME\SONHA\IWH_SH_I2C\SH1051_PUMP\SH1051_BS84B08C_PUMP\USER_PROGRAM\driver_app.c"
  77  000B              #pragma debug scope 1 1
  77  000B              public _set_buzzer_on_forever
  77  000B              #pragma debug scope 6 1
  82  000B              #line 82 "C:\Users\Huy Le\Documents\VSHOME\SONHA\IWH_SH_I2C\SH1051_PUMP\SH1051_BS84B08C_PUMP\USER_PROGRAM\driver_app.c"
  82  0000              _set_buzzer_on_forever .section 'code'
  82  0000              _set_buzzer_on_forever proc
  83  0000              #line 83 "C:\Users\Huy Le\Documents\VSHOME\SONHA\IWH_SH_I2C\SH1051_PUMP\SH1051_BS84B08C_PUMP\USER_PROGRAM\driver_app.c"
  83  0000  3000     E  	set _b_forever_buzzer
  83  0001  0003        	ret
  83  0002              _set_buzzer_on_forever endp
  83  0002              #line 83 "C:\Users\Huy Le\Documents\VSHOME\SONHA\IWH_SH_I2C\SH1051_PUMP\SH1051_BS84B08C_PUMP\USER_PROGRAM\driver_app.c"
  83  0002              #pragma debug scope 1 1
  83  0002              public _set_buzzer_off_forever
  83  0002              #pragma debug scope 7 1
  87  0002              #line 87 "C:\Users\Huy Le\Documents\VSHOME\SONHA\IWH_SH_I2C\SH1051_PUMP\SH1051_BS84B08C_PUMP\USER_PROGRAM\driver_app.c"
  87  0000              _set_buzzer_off_forever .section 'code'
  87  0000              _set_buzzer_off_forever proc
  88  0000              #line 88 "C:\Users\Huy Le\Documents\VSHOME\SONHA\IWH_SH_I2C\SH1051_PUMP\SH1051_BS84B08C_PUMP\USER_PROGRAM\driver_app.c"
  88  0000  3400     E  	clr _b_forever_buzzer
  88  0001  0003        	ret
  88  0002              _set_buzzer_off_forever endp
  88  0002              #line 88 "C:\Users\Huy Le\Documents\VSHOME\SONHA\IWH_SH_I2C\SH1051_PUMP\SH1051_BS84B08C_PUMP\USER_PROGRAM\driver_app.c"
  88  0002              #pragma debug scope 1 1
  88  0002              #pragma debug struct_end
  88  0002              #pragma debug struct_end
"File: driver_app.c  Assembler  Version HGASM0202      Page 5

  88  0002              #pragma debug union_end
  88  0002              #pragma debug union_end
  88  0002              #pragma debug variable 43 1 ___intc0 "__intc0" 1
  88  0002              #pragma debug struct_end
  88  0002              #pragma debug struct_end
  88  0002              #pragma debug union_end
  88  0002              #pragma debug union_end
  88  0002              #pragma debug variable 45 1 ___intc1 "__intc1" 1
  88  0002              #pragma debug struct_end
  88  0002              #pragma debug struct_end
  88  0002              #pragma debug union_end
  88  0002              #pragma debug union_end
  88  0002              #pragma debug variable 47 1 ___pa "__pa" 1
  88  0002              #pragma debug struct_end
  88  0002              #pragma debug struct_end
  88  0002              #pragma debug union_end
  88  0002              #pragma debug union_end
  88  0002              #pragma debug variable 49 1 ___pac "__pac" 1
  88  0002              #pragma debug struct_end
  88  0002              #pragma debug struct_end
  88  0002              #pragma debug union_end
  88  0002              #pragma debug union_end
  88  0002              #pragma debug variable 51 1 ___papu "__papu" 1
  88  0002              #pragma debug variable 8 1 ___tmr "__tmr" 1
  88  0002              #pragma debug struct_end
  88  0002              #pragma debug struct_end
  88  0002              #pragma debug union_end
  88  0002              #pragma debug union_end
  88  0002              #pragma debug variable 53 1 ___tmrc "__tmrc" 1
  88  0002              #pragma debug struct_end
  88  0002              #pragma debug struct_end
  88  0002              #pragma debug union_end
  88  0002              #pragma debug union_end
  88  0002              #pragma debug variable 55 1 ___pbpu "__pbpu" 1
  88  0002              #pragma debug struct_end
  88  0002              #pragma debug struct_end
  88  0002              #pragma debug union_end
  88  0002              #pragma debug union_end
  88  0002              #pragma debug variable 57 1 ___i2ctoc "__i2ctoc" 1
  88  0002              #pragma debug struct_end
  88  0002              #pragma debug struct_end
  88  0002              #pragma debug union_end
  88  0002              #pragma debug union_end
  88  0002              #pragma debug variable 59 1 ___simc0 "__simc0" 1
  88  0002              #pragma debug variable 8 1 ___sima "__sima" 1
  88  0002              #pragma debug struct_end
  88  0002              #pragma debug struct_end
  88  0002              #pragma debug union_end
  88  0002              #pragma debug union_end
  88  0002              #pragma debug variable 61 1 ___acerl "__acerl" 1
  88  0002              #pragma debug struct_end
  88  0002              #pragma debug struct_end
  88  0002              #pragma debug union_end
  88  0002              #pragma debug union_end
  88  0002              #pragma debug variable 63 1 ___pd "__pd" 1
  88  0002              #pragma debug struct_end
  88  0002              #pragma debug struct_end
  88  0002              #pragma debug union_end
  88  0002              #pragma debug union_end
  88  0002              #pragma debug variable 65 1 ___pdc "__pdc" 1
"File: driver_app.c  Assembler  Version HGASM0202      Page 6

  88  0002              #pragma debug struct_end
  88  0002              #pragma debug struct_end
  88  0002              #pragma debug union_end
  88  0002              #pragma debug union_end
  88  0002              #pragma debug variable 67 1 ___pdpu "__pdpu" 1
  88  0002              
  88  0002              ; output external variables
  88  0002              extern _b_forever_buzzer:bit
  88  0002              extern _u16_timer_for_buzzer:byte
  88  0002              
  88  0002              ; 
  88  0002              ; Generated by holtek-gcc v3.19, Tue Apr 16 15:16:59 2024
  88  0002              ; Rebuild 718
  88  0002              ; end of file


        0 Errors, 0