"File: scan_button.c  Assembler  Version HGASM0202      Page 1


   1  0000              ; Generated by holtek-gcc v3.19, Tue Apr 16 15:16:59 2024
   2  0000              ; 
   3  0000              ; Configuration:
   4  0000              ;       without long instruction
   5  0000              ;       Single ROM, Multi-RAM
   6  0000              ;       bits_per_rom_unit:16
   7  0000              ;       with mp1
   8  0000              ;       with tbhp, address(0x9)
   9  0000              ;          Use tabrd-const
  10  0000              ;       
  11  0000              ;       
  12  0000              ;       
  13  0000              ; use 'tabrdc' instead of 'tabrd'
  14  0000              ;       
  15  0000              
  16  0000              #pragma translator "holtek-gcc 4.6.4" "3.19" "build 20130711"
  17  0000              ; Rebuild 718
  18  0000              
  19  0000              ir equ [2]
  20  0000              mp equ [3]
  21  0000              sbp equ [1]
  22  0000              acc equ [5]
  23  0000              bp equ [4]
  24  0000              tblp equ [7]
  25  0000              tbhp equ [9]
  26  0000              status equ [10]
  27  0000              c equ [10].0
  28  0000              ac equ [10].1
  29  0000              z equ [10].2
  30  0000              ov equ [10].3
  31  0000              intc equ [11]
  32  0000              
  33  0000              extern ra:byte
  34  0000              extern rb:byte
  35  0000              extern rc:byte
  36  0000              extern rd:byte
  37  0000              extern re:byte
  38  0000              extern rf:byte
  39  0000              extern rg:byte
  40  0000              extern rh:byte
  41  0000              extern _Crom2Prom:near
  42  0000              extern _Crom2PromNext:near
  43  0000              
  44  0000              RAMBANK 0 @HCCINIT, @HCCINIT0
  45  0000              
  46  0000              RAMBANK 0 @BITDATASEC, @BITDATASEC1
  47  0000              @HCCINIT	.section 'data'
  48  0000              @HCCINIT0	.section 'data'
  49  0000              @BITDATASEC	 .section 'data'
  50  0000              @BITDATASEC1	 .section 'data'
  51  0000              
  52  0000              #pragma debug scope 1 1
  53  0000              	extern __DELAY3:near
  54  0000              	extern __DELAYX3:near
  55  0000              	extern __DELAYX6:near
  56  0000              	extern __DELAYY5:near
  57  0000              	extern __DELAYY3:near
  58  0000              	extern _builtin_holtek_delay_2:byte
  59  0000              public _button_detect_press
"File: scan_button.ASM  Assembler  Version HGASM0202      Page 2

  60  0000              #pragma debug scope 2 1

   6  0000              #line 6 "C:\Users\Huy Le\Documents\VSHOME\SONHA\IWH_SH_I2C\SH1051_PUMP\SH1051_BS84B08C_PUMP\SCAN_BUTTON\scan_button.c"
   6  0000              _button_detect_press .section 'code'
   6  0000              _button_detect_press proc
   6  0000  00              local _button_detect_press_2 db 1 dup(?)	; 0,1
   6  0001              #pragma debug variable 8 2 _button_detect_press_2+0 "dataButon"
  10  0001              #line 10 "C:\Users\Huy Le\Documents\VSHOME\SONHA\IWH_SH_I2C\SH1051_PUMP\SH1051_BS84B08C_PUMP\SCAN_BUTTON\scan_button.c"
  10  0000  2000     E  	call _GET_KEY_BITMAP
  11  0001              #line 11 "C:\Users\Huy Le\Documents\VSHOME\SONHA\IWH_SH_I2C\SH1051_PUMP\SH1051_BS84B08C_PUMP\SCAN_BUTTON\scan_button.c"
  11  0001  0700     E  	mov a,_DATA_BUF[0]
  11  0002  0080     R  	mov _button_detect_press_2[0],a
  13  0003              #line 13 "C:\Users\Huy Le\Documents\VSHOME\SONHA\IWH_SH_I2C\SH1051_PUMP\SH1051_BS84B08C_PUMP\SCAN_BUTTON\scan_button.c"
  13  0003  3C00     R  	sz _button_detect_press_2[0].3
  13  0004  2800     R  	jmp _L3
  17  0005              #line 17 "C:\Users\Huy Le\Documents\VSHOME\SONHA\IWH_SH_I2C\SH1051_PUMP\SH1051_BS84B08C_PUMP\SCAN_BUTTON\scan_button.c"
  17  0005  3C00     R  	sz _button_detect_press_2[0].4
  17  0006  2800     R  	jmp _L4
  21  0007              #line 21 "C:\Users\Huy Le\Documents\VSHOME\SONHA\IWH_SH_I2C\SH1051_PUMP\SH1051_BS84B08C_PUMP\SCAN_BUTTON\scan_button.c"
  21  0007  3800     R  	snz _button_detect_press_2[0].5
  21  0008  2800     R  	jmp _L5
  23  0009              #line 23 "C:\Users\Huy Le\Documents\VSHOME\SONHA\IWH_SH_I2C\SH1051_PUMP\SH1051_BS84B08C_PUMP\SCAN_BUTTON\scan_button.c"
  23  0009  0F03        	mov a,3
  23  000A  0080     E  	mov rb,a
  23  000B  1F00     E  	clr rc
  23  000C  2800     R  	jmp _L2
  23  000D              _L3:
  15  000D              #line 15 "C:\Users\Huy Le\Documents\VSHOME\SONHA\IWH_SH_I2C\SH1051_PUMP\SH1051_BS84B08C_PUMP\SCAN_BUTTON\scan_button.c"
  15  000D  0F01        	mov a,1
  15  000E  0080     E  	mov rb,a
  15  000F  1F00     E  	clr rc
  15  0010  2800     R  	jmp _L2
  15  0011              _L4:
  19  0011              #line 19 "C:\Users\Huy Le\Documents\VSHOME\SONHA\IWH_SH_I2C\SH1051_PUMP\SH1051_BS84B08C_PUMP\SCAN_BUTTON\scan_button.c"
  19  0011  0F02        	mov a,2
  19  0012  0080     E  	mov rb,a
  19  0013  1F00     E  	clr rc
  19  0014  2800     R  	jmp _L2
  19  0015              _L5:
   7  0015              #line 7 "C:\Users\Huy Le\Documents\VSHOME\SONHA\IWH_SH_I2C\SH1051_PUMP\SH1051_BS84B08C_PUMP\SCAN_BUTTON\scan_button.c"
   7  0015  1F00     E  	clr rb
   7  0016  1F00     E  	clr rc
   7  0017              _L2:
  27  0017              #line 27 "C:\Users\Huy Le\Documents\VSHOME\SONHA\IWH_SH_I2C\SH1051_PUMP\SH1051_BS84B08C_PUMP\SCAN_BUTTON\scan_button.c"
  27  0017  0700     E  	mov a,rb
  27  0018  0080     E  	mov ra,a
  27  0019  0700     E  	mov a,rc
  27  001A  0080     E  	mov rb,a
  27  001B  0003        	ret
  27  001C              _button_detect_press endp
  27  001C              #line 27 "C:\Users\Huy Le\Documents\VSHOME\SONHA\IWH_SH_I2C\SH1051_PUMP\SH1051_BS84B08C_PUMP\SCAN_BUTTON\scan_button.c"
  27  001C              #pragma debug scope 1 1
  27  001C              public _button_detect_release
  27  001C              #pragma debug scope 3 1
  30  001C              #line 30 "C:\Users\Huy Le\Documents\VSHOME\SONHA\IWH_SH_I2C\SH1051_PUMP\SH1051_BS84B08C_PUMP\SCAN_BUTTON\scan_button.c"
  30  0000              _button_detect_release .section 'code'
  30  0000              _button_detect_release proc
  34  0000              #line 34 "C:\Users\Huy Le\Documents\VSHOME\SONHA\IWH_SH_I2C\SH1051_PUMP\SH1051_BS84B08C_PUMP\SCAN_BUTTON\scan_button.c"
  34  0000  2000     E  	call _GET_KEY_BITMAP
  36  0001              #line 36 "C:\Users\Huy Le\Documents\VSHOME\SONHA\IWH_SH_I2C\SH1051_PUMP\SH1051_BS84B08C_PUMP\SCAN_BUTTON\scan_button.c"
"File: scan_button.c  Assembler  Version HGASM0202      Page 3

  36  0001  0F00        	mov a,0
  36  0002  0200     E  	sub a,_DATA_BUF[0]
  36  0003  0080     E  	mov ra,a
  36  0004  0700     E  	mov a,_DATA_BUF[0]
  36  0005  0580     E  	orm a,ra
  36  0006  1A80     E  	rlc ra
  36  0007  1F00     E  	clr ra
  36  0008  1A80     E  	rlc ra
  39  0009              #line 39 "C:\Users\Huy Le\Documents\VSHOME\SONHA\IWH_SH_I2C\SH1051_PUMP\SH1051_BS84B08C_PUMP\SCAN_BUTTON\scan_button.c"
  39  0009  1F00     E  	clr rb
  39  000A  3C00     E  	sz ra.7
  39  000B  1F80     E  	set rb
  39  000C  0003        	ret
  39  000D              _button_detect_release endp
  39  000D              #line 39 "C:\Users\Huy Le\Documents\VSHOME\SONHA\IWH_SH_I2C\SH1051_PUMP\SH1051_BS84B08C_PUMP\SCAN_BUTTON\scan_button.c"
  39  000D              #pragma debug scope 1 1
  39  000D              
  39  000D              ; output external variables
  39  000D              extern _DATA_BUF:byte
  39  000D              extern _GET_KEY_BITMAP:near
  39  000D              
  39  000D              ; 
  39  000D              ; Generated by holtek-gcc v3.19, Tue Apr 16 15:16:59 2024
  39  000D              ; Rebuild 718
  39  000D              ; end of file


        0 Errors, 0