C51 COMPILER V9.60.7.0   BOD                                                               01/30/2024 09:22:07 PAGE 1   


C51 COMPILER V9.60.7.0, COMPILATION OF MODULE BOD
OBJECT MODULE PLACED IN .\Output\bod.obj
COMPILER INVOKED BY: C:\Keil_v5\C51\BIN\C51.EXE ..\Library\StdDriver\src\bod.c LARGE OMF2 OPTIMIZE(7,SPEED) BROWSE INCDI
                    -R(..\Library\Device\Include;..\Library\StdDriver\inc;..\user_library\inc) DEBUG PRINT(.\lst\bod.lst) TABS(2) OBJECT(.\Ou
                    -tput\bod.obj)

line level    source

   1          /*--------------------------------------------------------------------------------------------------------
             --*/
   2          /*                                                                                                        
             - */
   3          /* SPDX-License-Identifier: Apache-2.0                                                                    
             - */
   4          /* Copyright(c) 2022 Nuvoton Technology Corp. All rights reserved.                                        
             - */
   5          /*                                                                                                        
             - */
   6          /*--------------------------------------------------------------------------------------------------------
             --*/
   7          #include "ms51_16k.h"
   8          
   9          /**
  10            * @brief BOD initial setting 
  11            * @param[in] u8bodstatus define enable BOD status.
  12            *                       - \ref Enable 
  13            *                       - \ref Disable
  14            * @param[in] u8bodlevel define BOD level.
  15            *                       - \ref VBOD_1_8 (1.8V)
  16            *                       - \ref VBOD_2_0 (2.0V)
  17            *                       - \ref VBOD_2_4 (2.4V)
  18            *                       - \ref VBOD_2_7 (2.7V)
  19            *                       - \ref VBOD_3_0 (3.0V)
  20            *                       - \ref VBOD_3_7 (3.7V)
  21            *                       - \ref VBOD_4_4 (4.4V)
  22            * @param[in] u8bodresetstatus define reset or not when BOD event trig.
  23            *                       - \ref BOD_Reset_Enable
  24            *                       - \ref BOD_Reset_Disable
  25            * @return  None
  26            * @note    None
  27            * @exmaple :  BOD_Open(ENBALE,VBOD_2_0, BOD_Reset_Enable);
  28            * @exmaple :  BOD_Open(Disable,0,0);
  29          */
  30          void BOD_Open(unsigned char u8bodstatus, unsigned char u8bodlevel, unsigned char u8bodresetstatus)
  31          {
  32   1           unsigned char sfrtemp;
  33   1           SFRS=0; BODCON0=0;
  34   1      
  35   1           sfrtemp |= (u8bodlevel | u8bodresetstatus);          // BOD level select and reset status
  36   1           sfrtemp |= (u8bodstatus<<7) & SET_BIT7;
  37   1           TA=0xAA; TA=0x55; BODCON0=sfrtemp; 
  38   1      }
  39          
  40          
  41          /**
  42            * @brief Low power BOD initial setting 
  43            * @param[in] u8bodlevel define BOD level.
  44            *                       - \ref LPBOD_MODE_NORMAL (Turn on BOD always)
  45            *                       - \ref LPBOD_MODE_1 (Turn on BOD every 1.6ms)
  46            *                       - \ref LPBOD_MODE_2 (Turn on BOD every 6.4ms)
  47            *                       - \ref LPBOD_MODE_3 (Turn on BOD every 25.6ms)
C51 COMPILER V9.60.7.0   BOD                                                               01/30/2024 09:22:07 PAGE 2   

  48            * @return  None
  49            * @note    None
  50            * @exmaple :  BOD_LowPower(LPBOD_MODE3);
  51          */
  52          void BOD_LowPower(unsigned char u8LPBDD)
  53          {
  54   1           SFRS=0; BODCON1=0;
  55   1           TA=0xAA;TA=0x55;BODCON1 |= u8LPBDD;
  56   1      }
  57          
  58          /**
  59            * @brief Low power BOD initial setting 
  60            * @param[in] u8bodINTstatus define interrupt enable status when BOD event trig.
  61            *                       - \ref ENABLE
  62            *                       - \ref DISALBE 
  63            * @return  None
  64            * @note    None
  65            * @exmaple :  BOD_LowPower(LPBOD_MODE3);
  66          */
  67          void BOD_Interrupt (unsigned char u8bodINTstatus)
  68          {
  69   1          IE &= CLR_BIT5;
  70   1          IE |= (u8bodINTstatus<<5)&SET_BIT5;
  71   1      }


MODULE INFORMATION:   STATIC OVERLAYABLE
   CODE SIZE        =     53    ----
   CONSTANT SIZE    =   ----    ----
   XDATA SIZE       =   ----    ----
   PDATA SIZE       =   ----    ----
   DATA SIZE        =   ----    ----
   IDATA SIZE       =   ----    ----
   BIT SIZE         =   ----    ----
   EDATA SIZE       =   ----    ----
   HDATA SIZE       =   ----    ----
   XDATA CONST SIZE =   ----    ----
   FAR CONST SIZE   =   ----    ----
END OF MODULE INFORMATION.


C51 COMPILATION COMPLETE.  0 WARNING(S),  0 ERROR(S)
