C51 COMPILER V9.60.7.0   DRIVER_APP                                                        03/26/2024 09:06:38 PAGE 1   


C51 COMPILER V9.60.7.0, COMPILATION OF MODULE DRIVER_APP
OBJECT MODULE PLACED IN .\Output\driver_app.obj
COMPILER INVOKED BY: C:\Keil_v5\C51\BIN\C51.EXE ..\driver\driver_app\src\driver_app.c LARGE OMF2 OPTIMIZE(7,SPEED) BROWS
                    -E INCDIR(..\driver;..\driver\driver_debug\inc;..\library\library_app\inc;..\library\library_debug\inc;..\driver\driver_a
                    -pp\inc;..\library\library_i2c\inc) DEBUG PRINT(.\lst\driver_app.lst) TABS(2) OBJECT(.\Output\driver_app.obj)

line level    source

   1          #include "driver_app.h"
   2          #include "ms51_16k.h"
   3          
   4          void timer1_counter_init(void)
   5          {
   6   1        P0M1 &= ~(1 << 0);
   7   1        P0M2 &= ~(1 << 0);  
   8   1      
   9   1        /*external falling edge*/
  10   1        TMOD |= (1 << 6);
  11   1      
  12   1        /*GATE = 0*/
  13   1        TMOD &= ~(1 << 7);
  14   1      
  15   1        /*MODE 16bit, M1 = 0, M0 = 1*/
  16   1        TMOD |= (1 << 4);
  17   1        TMOD &= ~(1 << 5);
  18   1      
  19   1        /*TR0 = 1*/
  20   1        TCON |= (1 << 6);
  21   1      }
  22          
  23          unsigned int timer1_counter_read(void)
  24          {
  25   1        unsigned int value_counter = 0;
  26   1        
  27   1        TCON &= ~(1 << 6);
  28   1        value_counter =  TL1 + (TH1 << 8);
  29   1        TCON |= (1 << 6);
  30   1        
  31   1        return value_counter;
  32   1      }
  33          
  34          void timer1_counter_reset(void)
  35          {
  36   1        TCON &= ~(1 << 6);
  37   1        TL1 = 0;
  38   1        TH1 = 0;
  39   1        TCON |= (1 << 6);
  40   1      }
  41          
  42          void gpio_interrupt_init(void)
  43          {
  44   1        // select port 0
  45   1        PICON &= ~(1 << 0);
  46   1        PICON &= ~(1 << 1);
  47   1      
  48   1        // Edge triggered
  49   1        PICON |= (1 << 3);
  50   1      
  51   1        // Low-level/falling edge detect Enabled
  52   1        PINEN |= (1 << 1);
  53   1      
C51 COMPILER V9.60.7.0   DRIVER_APP                                                        03/26/2024 09:06:38 PAGE 2   

  54   1        // Enable pin interrupt
  55   1        EIE |= (1 << 1);
  56   1      
  57   1        /*enable interrupt global*/
  58   1        IE |= (1 << 7);
  59   1      }
  60          
  61          void adc_init(void)
  62          {
  63   1        /*enable ADC*/
  64   1        ADCCON1 |= (1 << 0); 
  65   1        
  66   1        /*Fadc = Fsys/1*/
  67   1        ADCCON1 &= ~(1 << 4);
  68   1        ADCCON1 &= ~(1 << 5);
  69   1      
  70   1        /*enable interrupt ADC*/
  71   1        IE |= (1 << 6);
  72   1        /*enable interrupt global*/
  73   1        IE |= (1 << 7);
  74   1      }
  75          
  76          void adc_start(void)
  77          {
  78   1        ADCCON0 |= (1 << 6);
  79   1      }
  80          
  81          void adc_select_channel(ADC_CHANNEL_t adc_channel)
  82          {
  83   1        // clear 4 bit
  84   1        ADCCON0 &= (0xF0);
  85   1        
  86   1        // chose channel
  87   1        ADCCON0 |= adc_channel & (0x0F);
  88   1      }
  89          
  90          ADC_CHANNEL_t adc_get_channel(void)
  91          {
  92   1        ADC_CHANNEL_t adc_channel;
  93   1        
  94   1        adc_channel = (ADCCON0 & 0x0F);
  95   1        
  96   1        return adc_channel;
  97   1      }
  98          
  99          unsigned int adc_read(void)
 100          {
 101   1        unsigned int value_adc = 0;
 102   1        
 103   1        value_adc = (unsigned int)(ADCRH << 4) | (ADCRL & 0x0f);
 104   1        
 105   1        return value_adc;
 106   1      }
 107          
 108          void timer3_init_for_task(unsigned int time_task_init)
 109          {
 110   1        /*F = Fsys/16*/
 111   1        T3CON |= (1 << 2);
 112   1      
 113   1        RL3 = (65535 - time_task_init) & 0xff;
 114   1        RH3 = (65535 - time_task_init) >> 8;
 115   1      
C51 COMPILER V9.60.7.0   DRIVER_APP                                                        03/26/2024 09:06:38 PAGE 3   

 116   1        /*enable interupt tmr3*/
 117   1        EIE1 |= (1 << 1);
 118   1      
 119   1        /*enable interrupt global*/
 120   1        IE |= (1 << 7);
 121   1      
 122   1        /*START*/
 123   1        T3CON |= (1 << 3);
 124   1      }
 125          
 126          void i2c_init_interrupt(void)
 127          {
 128   1        // config GPIO
 129   1        P1M1 |= (1 << 3);
 130   1        P1M2 |= (1 << 3); 
 131   1        
 132   1        P1M1 |= (1 << 4);
 133   1        P1M2 |= (1 << 4);  
 134   1        
 135   1      //  P1M1 &= ~(1 << 3);
 136   1      //  P1M2 &= ~(1 << 3);  
 137   1      //  
 138   1      //  P1M1 &= ~(1 << 4);
 139   1      //  P1M2 &= ~(1 << 4);  
 140   1        
 141   1        P1S |= (1 << 3);
 142   1        P1S |= (1 << 4);
 143   1        
 144   1        // chose P1.3 1.4
 145   1        I2CON &= ~(1 << 0);
 146   1        
 147   1        // f = 100 kps
 148   1        I2CLK = 39; 
 149   1        
 150   1        // enable i2c bus
 151   1        I2CON |= (1 << 6);
 152   1        
 153   1        
 154   1      //  // init time out 
 155   1      //  I2TOC |= (1 << 2);
 156   1      //  I2TOC |= (1 << 1);
 157   1        
 158   1        // enble interrup i2c
 159   1        EIE |= (1 << 0);
 160   1        IE |= (1 << 7);
 161   1      }
 162          


MODULE INFORMATION:   STATIC OVERLAYABLE
   CODE SIZE        =    254    ----
   CONSTANT SIZE    =   ----    ----
   XDATA SIZE       =   ----       2
   PDATA SIZE       =   ----    ----
   DATA SIZE        =   ----    ----
   IDATA SIZE       =   ----    ----
   BIT SIZE         =   ----    ----
   EDATA SIZE       =   ----    ----
   HDATA SIZE       =   ----    ----
   XDATA CONST SIZE =   ----    ----
   FAR CONST SIZE   =   ----    ----
END OF MODULE INFORMATION.

C51 COMPILER V9.60.7.0   DRIVER_APP                                                        03/26/2024 09:06:38 PAGE 4   


C51 COMPILATION COMPLETE.  0 WARNING(S),  0 ERROR(S)
