C51 COMPILER V9.60.7.0   IAP_SPROM                                                         01/30/2024 09:22:09 PAGE 1   


C51 COMPILER V9.60.7.0, COMPILATION OF MODULE IAP_SPROM
OBJECT MODULE PLACED IN .\Output\IAP_SPROM.obj
COMPILER INVOKED BY: C:\Keil_v5\C51\BIN\C51.EXE ..\Library\StdDriver\src\IAP_SPROM.c LARGE OMF2 OPTIMIZE(7,SPEED) BROWSE
                    - INCDIR(..\Library\Device\Include;..\Library\StdDriver\inc;..\user_library\inc) DEBUG PRINT(.\lst\IAP_SPROM.lst) TABS(2)
                    - OBJECT(.\Output\IAP_SPROM.obj)

line level    source

   1          /*--------------------------------------------------------------------------------------------------------
             --*/
   2          /*                                                                                                        
             - */
   3          /* SPDX-License-Identifier: Apache-2.0                                                                    
             - */
   4          /* Copyright(c) 2022 Nuvoton Technology Corp. All rights reserved.                                        
             - */
   5          /*                                                                                                        
             - */
   6          /*--------------------------------------------------------------------------------------------------------
             --*/
   7          #include "ms51_16k.h"
   8          
   9          unsigned char xdata IAPSPDataBuf[127];
  10          
  11          
  12          
  13          /**
  14           * @brief       Erase LDROM
  15           * @param       u16IAPStartAddress define LDROM area start address
  16           * @param       u16IAPDataSize define LDROM need be erase bytes size
  17           * @return      none
  18           * @details     Page erase LDROM area base on data start address
  19           * @example     Erase_LDROM(0x0000,2048);
  20           */
  21          void Erase_SPROM(void)
  22          {
  23   1      
  24   1          set_CHPCON_IAPEN;                    // Disable IAP    set_CHPCON_IAPEN;                    // Enable 
             -IAP function
  25   1          set_IAPUEN_SPMEN;                    //  SPROM memory modify Enable
  26   1          set_IAPUEN_SPUEN;                    //  SPROM modify enable
  27   1          IAPFD = 0xFF;                        // IMPORTANT !! To erase function must setting IAPFD = 0xFF
  28   1          IAPCN = PAGE_ERASE_SPROM;
  29   1      
  30   1          IAPAL = 0x80;
  31   1          IAPAH = 0x01;
  32   1          set_IAPTRG_IAPGO;
  33   1      
  34   1          clr_IAPUEN_SPUEN;                    //  SPROM modify disable
  35   1          clr_CHPCON_IAPEN;                    // Disable IAP
  36   1      }
  37          
  38          /**
  39           * @brief       LDROM blank check
  40           * @param       u16IAPStartAddress define LDROM area start address
  41           * @param       u16IAPDataSize define LDROM need be erase bytes size
  42           * @return      none
  43           * @details     Check each byte of LDROM is FFH or not.
  44           * @example      LDROM_BlanckCheck(0x0000,2048);
  45           */
  46          void Erase_Verify_SPROM(unsigned int u16IAPDataSize)
C51 COMPILER V9.60.7.0   IAP_SPROM                                                         01/30/2024 09:22:09 PAGE 2   

  47          {
  48   1          unsigned int u16Count;
  49   1          set_CHPCON_IAPEN;
  50   1          set_IAPUEN_SPMEN;
  51   1      
  52   1          IAPAH = 0x01;
  53   1          IAPAL = 0x80;
  54   1      
  55   1          IAPCN = BYTE_READ_SPROM;
  56   1      
  57   1          for (u16Count = 0; u16Count < u16IAPDataSize; u16Count++)
  58   1          {
  59   2              IAPFD = 0x00;
  60   2              set_IAPTRG_IAPGO;
  61   2      
  62   2              if (IAPFD != 0xFF)
  63   2                  break;
  64   2      
  65   2              IAPAL++;
  66   2      
  67   2          }
  68   1      
  69   1          clr_CHPCON_IAPEN;
  70   1      }
  71          
  72          /**
  73           * @brief       LDROM program loop
  74           * @param       u16IAPStartAddress define LDROM area start address
  75           * @param       u16IAPDataSize define LDROM need be erase bytes size
  76           * @return      none
  77           * @details     Copy IAPDataBuf to LDROM
  78           * @example      LDROM_Program(0x0000,1024);
  79           */
  80          void Program_SPROM(unsigned int u16IAPDataSize)
  81          {
  82   1          unsigned int u16Count;
  83   1      
  84   1          set_CHPCON_IAPEN;
  85   1          set_IAPUEN_SPMEN;                    //  SPROM memory modify Enable
  86   1          set_IAPUEN_SPUEN;                    //  SPROM modify enable
  87   1          IAPAH = 0x01;
  88   1          IAPAL = 0x80;
  89   1          IAPCN = BYTE_PROGRAM_SPROM;
  90   1      
  91   1          for (u16Count = 0; u16Count < u16IAPDataSize; u16Count++)
  92   1          {
  93   2              IAPFD = IAPSPDataBuf[u16Count];
  94   2              set_IAPTRG_IAPGO;
  95   2              IAPAL++;
  96   2          }
  97   1      
  98   1          clr_IAPUEN_SPUEN;                    //  SPROM modify disable
  99   1          clr_CHPCON_IAPEN;
 100   1      }
 101          
 102          
 103          /**
 104           * @brief       LDROM check loop
 105           * @param       u16IAPStartAddress define LDROM area start address
 106           * @param       u16IAPDataSize define LDROM need be erase bytes size
 107           * @return      none
 108           * @details     Check with XRAM IAPDataBuf with LDROM
C51 COMPILER V9.60.7.0   IAP_SPROM                                                         01/30/2024 09:22:09 PAGE 3   

 109           * @example      LDROM_Program_Verify(0x0000,1024);
 110           */
 111          void Read_Verify_SPROM(unsigned int u16IAPDataSize)
 112          {
 113   1          unsigned int u16Count;
 114   1      
 115   1          set_CHPCON_IAPEN;
 116   1          set_IAPUEN_SPMEN;
 117   1      
 118   1          IAPAH = 0x01;
 119   1          IAPAL = 0x80;
 120   1          IAPCN = BYTE_READ_SPROM;
 121   1      
 122   1          for (u16Count = 0; u16Count < u16IAPDataSize; u16Count++)
 123   1          {
 124   2              IAPFD = 0x00;
 125   2              set_IAPTRG_IAPGO;
 126   2      
 127   2              if (IAPFD != IAPSPDataBuf[u16Count])
 128   2                  break;
 129   2      
 130   2              IAPAL++;
 131   2          }
 132   1      
 133   1          clr_CHPCON_IAPEN;
 134   1      }


MODULE INFORMATION:   STATIC OVERLAYABLE
   CODE SIZE        =    518    ----
   CONSTANT SIZE    =   ----    ----
   XDATA SIZE       =    127    ----
   PDATA SIZE       =   ----    ----
   DATA SIZE        =   ----    ----
   IDATA SIZE       =   ----    ----
   BIT SIZE         =   ----    ----
   EDATA SIZE       =   ----    ----
   HDATA SIZE       =   ----    ----
   XDATA CONST SIZE =   ----    ----
   FAR CONST SIZE   =   ----    ----
END OF MODULE INFORMATION.


C51 COMPILATION COMPLETE.  0 WARNING(S),  0 ERROR(S)
