C51 COMPILER V9.60.7.0   ISR                                                               04/16/2024 12:04:43 PAGE 1   


C51 COMPILER V9.60.7.0, COMPILATION OF MODULE ISR
OBJECT MODULE PLACED IN .\Output\isr.obj
COMPILER INVOKED BY: C:\Keil_v5\C51\BIN\C51.EXE ..\library\library_app\src\isr.c LARGE OMF2 OPTIMIZE(7,SPEED) BROWSE INC
                    -DIR(..\driver;..\driver\driver_debug\inc;..\library\library_app\inc;..\library\library_debug\inc;..\driver\driver_app\in
                    -c;..\library\library_i2c\inc) DEBUG PRINT(.\lst\isr.lst) TABS(2) OBJECT(.\Output\isr.obj)

line level    source

   1          #include "ms51_16k.h"
   2          #include "driver_app.h"
   3          #include "library_app.h"
   4          // for intterupt 
   5          #include <intrins.h>
   6          
   7          #define C_1MS_CNT_VALUE 5
   8          #define ADDRESS_SLAVE   0xA0
   9          #define WRITE           0
  10          #define READ            1
  11          
  12          #define FLAG_WRITE          0
  13          #define FLAG_READ           1
  14          
  15          #define MAX_TRIAC_PULSE         20
  16          #define MAX_ADDITION_INTERVAL   10
  17          
  18          #define MAX_12MS_CNT 60
  19          
  20          
  21          // For 1ms Timer0 Interrupt use. To count global time 50us, 200us, 1ms, 10ms, 100ms, 500ms, 2s
  22          volatile unsigned char  u8_flag_200us = 0, u8_flag_1ms = 0, u8_flag_2ms = 0, u8_flag_10ms = 0, u8_flag_50ms
             - = 0;
  23          volatile unsigned char u8_flag_100ms = 0, u8_flag_200ms = 0, u8_flag_500ms = 0, u8_flag_1s = 0, u8_flag_2s
             - = 0; 
  24          volatile unsigned int u16_timer3_int_counter, u16_1ms_timer_counter, u16_2ms_timer_counter, u16_10ms_time_
             -counter, u16_50ms_time_counter;
  25          volatile unsigned int u16_100ms_time_counter, u16_200ms_time_counter,  u16_500ms_time_counter,u16_1s_time_
             -counter, u16_2s_time_counter;
  26          
  27          volatile unsigned int  u16_adc_value = 0;
  28          volatile unsigned char u8_flag_adc = 0;
  29          
  30          volatile bit b_i2c_read_write = FLAG_WRITE;
  31          
  32          extern volatile uint8_t m_tx_data[3];
  33          extern volatile uint8_t m_rx_data[3];
  34          
  35          volatile uint8_t u8_cnt_data_rx = 0;
  36          volatile uint8_t u8_cnt_data_tx = 0;
  37          
  38          volatile uint8_t addSlaveAndRW = ADDRESS_SLAVE|WRITE;
  39          
  40          volatile bit b_flag_i2c_receive = 0;
  41          volatile bit b_flag_i2c_transmit = 0;
  42          
  43          volatile uint8_t u8_i2c_time_out = 0;
  44          
  45          volatile uint8_t u8_detect_zero = 0;
  46          
  47          volatile uint8_t count12ms = 0;
  48          
  49          volatile uint8_t triac_pulse_cnt;
C51 COMPILER V9.60.7.0   ISR                                                               04/16/2024 12:04:43 PAGE 2   

  50          volatile uint8_t num_active_pulse;           // power from 0 to 20
  51          volatile uint8_t num_active_pulse_with_add;  // from 0 to 20
  52          volatile uint8_t pulse_trigger_off_cnt;
  53          volatile bit b_triggered;
  54          volatile uint8_t num_addition;
  55          volatile uint8_t additionInterval;
  56          volatile uint16_t u16NumActive;  // raw number of active pulse * 10
  57          
  58          
  59          extern volatile bit b_test_cg;   // test chong giat
  60          extern volatile bit b_reset_cg;  // reset chong giat
  61          extern volatile uint8_t test_cg_cnt;
  62          extern volatile uint8_t reset_cg_cnt;
  63          
  64          void Timer3_ISR(void) interrupt 16        // Vector @  0x83
  65          {
  66   1        _push_(SFRS);
  67   1        clr_T3CON_TF3;
  68   1        u16_timer3_int_counter ++;  
  69   1        u8_flag_200us = 1;
  70   1        
  71   1        //---1ms-------------------------------------------
  72   1        if(u16_timer3_int_counter >= C_1MS_CNT_VALUE){            //1ms
  73   2          u16_timer3_int_counter = 0; 
  74   2          u16_1ms_timer_counter ++;
  75   2          u8_flag_1ms = 1;
  76   2        }
  77   1        //---2ms-------------------------------------------
  78   1          if(u16_1ms_timer_counter >= 2){                         //2ms
  79   2          u16_1ms_timer_counter = 0;
  80   2          u16_2ms_timer_counter ++; 
  81   2          u8_flag_2ms = 1;      
  82   2        }
  83   1          
  84   1        
  85   1        //---10ms-------------------------------------------
  86   1        if(u16_2ms_timer_counter >= 5){                         //10ms
  87   2          u16_2ms_timer_counter = 0;
  88   2          u16_10ms_time_counter ++; 
  89   2          u8_flag_10ms = 1;   
  90   2      
  91   2          if (b_test_cg == 1) {
  92   3              if (test_cg_cnt < 17) {
  93   4                lo_write_tonggle();
  94   4                test_cg_cnt++;
  95   4              } else {
  96   4                b_test_cg = 0;
  97   4                test_cg_cnt = 0;
  98   4                lo_write_low();
  99   4              }
 100   3            }
 101   2            
 102   2            // reset chong giat
 103   2            if (b_reset_cg == 1) {
 104   3              if (reset_cg_cnt < 30) {
 105   4                reset_cg_cnt++;
 106   4                reset_lo_write_high();
 107   4              } else {
 108   4                b_reset_cg = 0;
 109   4                reset_cg_cnt = 0;
 110   4                reset_lo_write_low();
 111   4              }
C51 COMPILER V9.60.7.0   ISR                                                               04/16/2024 12:04:43 PAGE 3   

 112   3            }
 113   2        }
 114   1        
 115   1        
 116   1          //---100ms------------------------------------------
 117   1        if(u16_10ms_time_counter >= 5){                         //100ms
 118   2          u16_10ms_time_counter = 0;
 119   2          u16_50ms_time_counter ++; 
 120   2          u8_flag_50ms = 1;
 121   2        }
 122   1        
 123   1        
 124   1        //---100ms------------------------------------------
 125   1        if(u16_50ms_time_counter >= 2){                         //100ms
 126   2          u16_50ms_time_counter = 0;
 127   2          u16_100ms_time_counter ++;  
 128   2          u8_flag_100ms = 1;
 129   2        }
 130   1        
 131   1        
 132   1        //---200ms------------------------------------------
 133   1        if(u16_100ms_time_counter >= 2){                          //200ms
 134   2          u16_100ms_time_counter = 0;
 135   2          u16_200ms_time_counter ++;  
 136   2          u8_flag_200ms = 1;
 137   2        }
 138   1        
 139   1      //  //---500ms------------------------------------------
 140   1      //  if(u16_100ms_time_counter >= 5){                          //500ms
 141   1      //    u16_100ms_time_counter = 0;
 142   1      //    u16_500ms_time_counter ++;  
 143   1      //    u8_flag_500ms = 1;
 144   1      //  }
 145   1        
 146   1        //---1s--------------------------------------------
 147   1        if(u16_200ms_time_counter >= 5){                          //1s
 148   2          u16_200ms_time_counter = 0;
 149   2          u16_1s_time_counter ++; 
 150   2          u8_flag_1s = 1;
 151   2        }       
 152   1          //---2s--------------------------------------------
 153   1        if(u16_1s_time_counter >= 2){                             //2s
 154   2          u16_1s_time_counter = 0;
 155   2          u16_2s_time_counter ++; 
 156   2          u8_flag_2s = 1;
 157   2        } 
 158   1        
 159   1        count12ms++;
 160   1        if (count12ms >= MAX_12MS_CNT) {
 161   2          count12ms = 0;
 162   2        }
 163   1        if (b_triggered == 1) {
 164   2          if (count12ms == pulse_trigger_off_cnt) {
 165   3            ctr_triac_write_high();
 166   3            b_triggered = 0;
 167   3          }
 168   2        }
 169   1        
 170   1        _pop_(SFRS);
 171   1      }
 172          
 173          
C51 COMPILER V9.60.7.0   ISR                                                               04/16/2024 12:04:43 PAGE 4   

 174          // interrupt for ADC
 175          
 176          void ADC_ISR(void) interrupt 11  // Vector @  0x5B
 177          {
 178   1        _push_(SFRS);
 179   1        clr_ADCCON0_ADCF;
 180   1        u16_adc_value = adc_read();
 181   1        u8_flag_adc = 1;
 182   1        _pop_(SFRS);
 183   1      }
 184          
 185          void Pin_INT_ISR(void) interrupt 7  // Vector @  0x3B
 186          {
 187   1        _push_(SFRS);
 188   1        
 189   1          // index pulse
 190   1        if (triac_pulse_cnt < MAX_TRIAC_PULSE - 1) {
 191   2          triac_pulse_cnt++;
 192   2        } else {
 193   2          triac_pulse_cnt = 0;
 194   2      
 195   2          if (additionInterval < MAX_ADDITION_INTERVAL - 1) {
 196   3            additionInterval++;
 197   3          } else {
 198   3            additionInterval = 0;
 199   3          }
 200   2        }
 201   1        
 202   1          // update num_active_pulse_with_add
 203   1        if (additionInterval < num_addition) {
 204   2          num_active_pulse_with_add = num_active_pulse + 1;
 205   2          if (num_active_pulse_with_add > 20) {
 206   3            num_active_pulse_with_add = 20;
 207   3          }
 208   2        } else {
 209   2          num_active_pulse_with_add = num_active_pulse;
 210   2        }
 211   1        
 212   1        
 213   1        if (u16NumActive > 0) 
 214   1        {
 215   2           if (triac_pulse_cnt < num_active_pulse_with_add)
 216   2           {
 217   3             ctr_triac_write_low();
 218   3             b_triggered = 1;  // triac triggerd
 219   3             pulse_trigger_off_cnt = count12ms;
 220   3           }
 221   2         }
 222   1      
 223   1        
 224   1      //  u8_detect_zero++;
 225   1        
 226   1        PIF = 0;
 227   1        _pop_(SFRS);
 228   1      }
 229          
 230          
 231          
 232          void I2C_ISR(void) interrupt 6  // Vector @  0x3B
 233          {
 234   1        _push_(SFRS);
 235   1        SFRS = 0;
C51 COMPILER V9.60.7.0   ISR                                                               04/16/2024 12:04:43 PAGE 5   

 236   1        if(I2CON & (1 << 3))
 237   1        {
 238   2          switch (I2STAT)
 239   2          {
 240   3               /* Bus error */
 241   3            case 0x00: 
 242   3              I2C_SET_STOP();
 243   3              break;
 244   3            
 245   3              /* I2C start */
 246   3            case 0x08: 
 247   3              I2DAT = addSlaveAndRW;
 248   3              I2C_CLEAR_START();  
 249   3              I2C_CLEAR_SI();   
 250   3              break;
 251   3            
 252   3            /* I2C repeat start */
 253   3            case 0x10:  
 254   3        //      I2C_SET_STOP(); 
 255   3              break;
 256   3            
 257   3            /* Master Transmit Address ACK  */
 258   3            case 0x18:
 259   3              I2DAT = m_tx_data[0];     
 260   3              break;
 261   3            
 262   3            /* Master Transmit Address NACK  */
 263   3            case 0x20:
 264   3              I2C_SET_STOP(); 
 265   3              break;
 266   3            
 267   3            /* Master Transmit Data ACK  */
 268   3            case 0x28:   
 269   3              if(u8_cnt_data_tx == 0)
 270   3              {
 271   4                I2DAT = m_tx_data[1];
 272   4                u8_cnt_data_tx = 1;
 273   4              }
 274   3              else if(u8_cnt_data_tx == 1)
 275   3              {
 276   4                I2DAT = m_tx_data[2];
 277   4                u8_cnt_data_tx = 2;
 278   4              }
 279   3              else if(u8_cnt_data_tx == 2)
 280   3              {
 281   4                I2C_SET_STOP(); 
 282   4                u8_cnt_data_tx = 0;
 283   4                b_i2c_read_write = FLAG_READ;
 284   4              }
 285   3              break;
 286   3            
 287   3            /* Master Transmit Data NACK  */
 288   3            case 0x30:
 289   3        //      I2DAT = 0x55;
 290   3              I2C_SET_STOP();
 291   3              break;
 292   3            
 293   3            /* Master Arbitration Lost  */
 294   3            case 0x38:
 295   3              I2C_SET_STOP();
 296   3              break;
 297   3            
C51 COMPILER V9.60.7.0   ISR                                                               04/16/2024 12:04:43 PAGE 6   

 298   3            
 299   3            
 300   3            /* Master Receive Address ACK  */
 301   3            case 0x40:
 302   3              I2C_SET_AA();
 303   3              break;
 304   3            
 305   3            /* Master Receive Address NACK  */
 306   3            case 0x48:
 307   3              I2C_SET_STOP();
 308   3              I2C_SET_AA();
 309   3              break;
 310   3            
 311   3            /* Master Receive Data ACK  */
 312   3            case 0x50:
 313   3              if(u8_cnt_data_rx == 0)
 314   3              {
 315   4                m_rx_data[0] = I2DAT;
 316   4                u8_cnt_data_rx = 1;
 317   4                I2C_SET_AA();
 318   4              }
 319   3              else if (u8_cnt_data_rx == 1)
 320   3              {
 321   4                m_rx_data[1] = I2DAT;
 322   4                u8_cnt_data_rx = 0;
 323   4                I2C_CLEAR_AA();
 324   4              }
 325   3              break;
 326   3            
 327   3            /* Master Receive Data NACK  */
 328   3            case 0x58:
 329   3              m_rx_data[2] = I2DAT;
 330   3              b_i2c_read_write = FLAG_WRITE;
 331   3              b_flag_i2c_receive = 1;
 332   3              I2C_SET_STOP();
 333   3              I2C_SET_AA();
 334   3              break;
 335   3          }
 336   2            // clear SI
 337   2          I2C_CLEAR_SI();
 338   2        }
 339   1        _pop_(SFRS);
 340   1      }
 341          
 342          


MODULE INFORMATION:   STATIC OVERLAYABLE
   CODE SIZE        =   1032    ----
   CONSTANT SIZE    =   ----    ----
   XDATA SIZE       =     47    ----
   PDATA SIZE       =   ----    ----
   DATA SIZE        =   ----    ----
   IDATA SIZE       =   ----    ----
   BIT SIZE         =      4    ----
   EDATA SIZE       =   ----    ----
   HDATA SIZE       =   ----    ----
   XDATA CONST SIZE =   ----    ----
   FAR CONST SIZE   =   ----    ----
END OF MODULE INFORMATION.


C51 COMPILATION COMPLETE.  0 WARNING(S),  0 ERROR(S)
