C51 COMPILER V9.60.7.0   LIBRARY_I2C                                                       03/22/2024 09:12:11 PAGE 1   


C51 COMPILER V9.60.7.0, COMPILATION OF MODULE LIBRARY_I2C
OBJECT MODULE PLACED IN .\Output\library_i2c.obj
COMPILER INVOKED BY: C:\Keil_v5\C51\BIN\C51.EXE ..\library\library_i2c\src\library_i2c.c LARGE OMF2 OPTIMIZE(7,SPEED) BR
                    -OWSE INCDIR(..\driver;..\driver\driver_debug\inc;..\library\library_app\inc;..\library\library_debug\inc;..\driver\drive
                    -r_app\inc;..\library\library_i2c\inc) DEBUG PRINT(.\lst\library_i2c.lst) TABS(2) OBJECT(.\Output\library_i2c.obj)

line level    source

   1          #include "library_i2c.h"
   2          #include "driver_app.h"
   3          #include "library_debug.h"
   4          #include "ms51_16k.h"
   5          
   6          #define WRITE           0
   7          #define READ            1
   8          #define ADDRESS_SLAVE   0xA0
   9          
  10          extern volatile uint8_t addSlaveAndRW;
  11          
  12          void i2c_master_write(void)
  13          {
  14   1        addSlaveAndRW = ADDRESS_SLAVE|WRITE;
  15   1      }
  16          void i2c_master_read(void)
  17          {
  18   1        addSlaveAndRW = ADDRESS_SLAVE|READ;
  19   1      }
  20          
  21          unsigned char CRC8(volatile unsigned char *Data, unsigned char length) {
  22   1        unsigned char crc = 0x00;
  23   1        unsigned char extract;
  24   1        unsigned char sum;
  25   1        unsigned char i;
  26   1        unsigned char tempI;
  27   1      
  28   1        for (i = 0; i < length; i++) {
  29   2          extract = *Data;
  30   2          for (tempI = 8; tempI; tempI--) {
  31   3            sum = (crc ^ extract) & 0x01;
  32   3            crc >>= 1;
  33   3            if (sum)
  34   3              crc ^= 0x8C;
  35   3            extract >>= 1;
  36   3          }
  37   2          Data++;
  38   2        }
  39   1        return crc;
  40   1      }


MODULE INFORMATION:   STATIC OVERLAYABLE
   CODE SIZE        =    106    ----
   CONSTANT SIZE    =   ----    ----
   XDATA SIZE       =   ----       5
   PDATA SIZE       =   ----    ----
   DATA SIZE        =   ----    ----
   IDATA SIZE       =   ----    ----
   BIT SIZE         =   ----    ----
   EDATA SIZE       =   ----    ----
   HDATA SIZE       =   ----    ----
   XDATA CONST SIZE =   ----    ----
C51 COMPILER V9.60.7.0   LIBRARY_I2C                                                       03/22/2024 09:12:11 PAGE 2   

   FAR CONST SIZE   =   ----    ----
END OF MODULE INFORMATION.


C51 COMPILATION COMPLETE.  0 WARNING(S),  0 ERROR(S)
