C51 COMPILER V9.60.7.0   TIMER                                                             01/30/2024 09:22:11 PAGE 1   


C51 COMPILER V9.60.7.0, COMPILATION OF MODULE TIMER
OBJECT MODULE PLACED IN .\Output\timer.obj
COMPILER INVOKED BY: C:\Keil_v5\C51\BIN\C51.EXE ..\Library\StdDriver\src\timer.c LARGE OMF2 OPTIMIZE(7,SPEED) BROWSE INC
                    -DIR(..\Library\Device\Include;..\Library\StdDriver\inc;..\user_library\inc) DEBUG PRINT(.\lst\timer.lst) TABS(2) OBJECT(
                    -.\Output\timer.obj)

line level    source

   1          /*--------------------------------------------------------------------------------------------------------
             --*/
   2          /*                                                                                                        
             - */
   3          /* SPDX-License-Identifier: Apache-2.0                                                                    
             - */
   4          /* Copyright(c) 2020 Nuvoton Technology Corp. All rights reserved.                                        
             - */
   5          /*                                                                                                        
             - */
   6          /*--------------------------------------------------------------------------------------------------------
             --*/
   7           #include "ms51_16k.h"
   8          
   9          unsigned long data TIMER0CT,TIMER1CT,TIMER2CT,TIMER3CT;
  10          unsigned char data TH0TMP,TL0TMP,TH1TMP,TL1TMP;
  11          
  12          /**
  13            * @brief Timer0 delay interrupt initial setting and timer 0 interrupt vector 
  14            * @param[in] u32SYSCLK define Fsys clock value. for example 8, use the real Fsys value.
  15            *                       - \ref 16 / 24 (use HIRC)
  16            *                       - \ref 8  (use MIRC)
  17            * @param[in] u6DLYUnit define delay time base is us. the minimum delay value not less than 100us, the ma
             -xima value base on u32SYSCLK
  18            *                       - \ref for 24MHz (use HIRC) value range is 100 ~ 32768.
  19            *                       - \ref for 8MHz  (use MIRC) value range is 100 ~ 65536.
  20            * @return  None 
  21            * @note    This initial subroutine must with following Timer 0 interrupt vector.
  22            * @exmaple :Timer0_AutoReload_Interrupt_Initial(24,450);
  23          */
  24          #if 0   /* Interrup Vector demo */
              void Timer0_ISR (void) interrupt 1        // Vector @  0x0B
              {
              _push_(SFRS);
                    SFRS = 0;
              /* following setting for reload Timer 0 counter */
                    TH0 = TH0TMP;
                    TL0 = TL0TMP;
              /* following clear flag for next interrupt */
                    clr_TCON_TF0;
              _pop_(SFRS);
              }
              #endif 0
  37          
  38          void Timer0_AutoReload_Interrupt_Initial(unsigned char u8SYSCLK, unsigned long u32DLYUnit)
  39          {
  40   1          TIMER0_FSYS_DIV12;                                          /* T0M=0, Timer0 Clock = Fsys/12   */
  41   1          ENABLE_TIMER0_MODE1;                                        /* Timer0 as 16-bit mode           */
  42   1          TIMER0CT = 65535ul-(u8SYSCLK*u32DLYUnit/12ul);
  43   1          TH0TMP = HIBYTE(TIMER0CT);
  44   1          TL0TMP = LOBYTE(TIMER0CT);
  45   1          TH0 = TH0TMP;
  46   1          TL0 = TL0TMP;
C51 COMPILER V9.60.7.0   TIMER                                                             01/30/2024 09:22:11 PAGE 2   

  47   1          clr_TCON_TF0;
  48   1          set_TCON_TR0;                                    //Start Timer0
  49   1          ENABLE_TIMER0_INTERRUPT;
  50   1      }
  51          
  52          void  Timer0_AutoReload_Interrupt_CounterClear(void)
  53          {
  54   1          TH0 = TH0TMP;
  55   1          TL0 = TL0TMP;
  56   1          clr_TCON_TF0;
  57   1          set_TCON_TR0;
  58   1      }
  59          /**
  60            * @brief Timer1 delay interrupt initial setting and timer 1 interrupt vector  
  61            * @param[in] u32SYSCLK define Fsys clock value. for example 8, use the real Fsys value.
  62            *                       - \ref 24 (use HIRC)
  63            *                       - \ref 8  (use MIRC)
  64            * @param[in] u6DLYUnit define delay time base is us. the minimum delay value not less than 100us, the ma
             -xima value base on u32SYSCLK
  65            *                       - \ref for 7.3728MHz (use HIRC) value range is 100 ~ 32768.
  66            *                       - \ref for 8MHz  (use MIRC) value range is 100 ~ 65536.
  67            * @return  None
  68            * @note    This initial subroutine must with following Timer 1 interrupt vector.
  69            * @exmaple :  Timer0_AutoReload_Interrupt_Initial(8,6400);
  70          */
  71          #if 0
              void Timer1_ISR (void) interrupt 3        // Vector @  0x1B
              { 
                  _push_(SFRS);
              /* following setting for reload Timer 0 counter, this is must for next time*/
                    TH1 = TH1TMP;
                    TL1 = TL1TMP;
              /* following clear flag is necessary for next time */
                    clr_TCON_TF1;
                  _pop_(SFRS);
              }
              #endif
  83          
  84          void Timer1_AutoReload_Interrupt_Initial(unsigned char u8SYSCLK, unsigned long u32DLYUnit)
  85          {
  86   1          TIMER1_FSYS_DIV12;                                           /* T1M=0, Timer1 Clock = Fsys/12   */
  87   1          ENABLE_TIMER1_MODE1;                                         /* Timer 1 as 16-bit mode           */
  88   1          TIMER1CT = 65535ul-(u8SYSCLK*u32DLYUnit/12ul);
  89   1          TH1TMP = HIBYTE(TIMER1CT);
  90   1          TL1TMP = LOBYTE(TIMER1CT);
  91   1          TH1 = TH1TMP;
  92   1          TL1 = TL1TMP;
  93   1          clr_TCON_TF1;
  94   1          set_TCON_TR1;
  95   1          ENABLE_TIMER1_INTERRUPT;
  96   1      }
  97          
  98          
  99          
 100          /**
 101            * @brief Timer2 delay interrupt initial setting and timer 1 interrupt vector  
 102            * @param[in] u32SYSCLK define Fsys clock value. for example 8, use the real Fsys value.
 103            *                       - \ref 24 (use HIRC)
 104            *                       - \ref 8  (use MIRC)
 105            * @param[in] u6DLYUnit define delay time base is us. the minimum delay value not less than 100us, the ma
             -xima value base on u32SYSCLK
 106            *                       - \ref for 7.3728MHz (use HIRC) value range is 100 ~ 699050.  means delay time f
C51 COMPILER V9.60.7.0   TIMER                                                             01/30/2024 09:22:11 PAGE 3   

             -rom about 100us ~ 700ms
 107            *                       - \ref for 8MHz  (use MIRC) value range is 100 ~ 2097120.  means delay time from
             - about 100us ~ 2.1s
 108            * @return  None
 109            * @note    Timer 2 divider fixed with 256. suggest delay range is from 10ms ~ 2s
 110            * @exmaple :  fsys = 8MHz, delay 6.4ms  : Timer2_AutoReload_Interrupt_Initial(8,6400);
 111          */
 112          #if 0    
              void Timer2_ISR (void) interrupt 5        // Vector @  0x2B
              {
              _push_(SFRS);
                  clr_T2CON_TF2;
              _pop_(SFRS);
              }
              #endif
 120          
 121          void Timer2_AutoReload_Interrupt_Initial(unsigned char u8SYSCLK, unsigned long u32DLYUnit)
 122          {
 123   1          TIMER2_Auto_Reload_Delay_Mode;
 124   1          SFRS = 0;T2MOD&=0x8F;T2MOD|=0x60;                          /* fix divider 256 */
 125   1          TIMER2CT = 65535ul-(u8SYSCLK*u32DLYUnit/256ul);
 126   1          TH2 = HIBYTE(TIMER2CT);
 127   1          TL2 = LOBYTE(TIMER2CT);
 128   1          SFRS=1;
 129   1          RCMP2H = HIBYTE(TIMER2CT);
 130   1          RCMP2L = LOBYTE(TIMER2CT);
 131   1          clr_T2CON_TF2;
 132   1          set_T2CON_TR2;                                             /* Start Timer2  */
 133   1          ENABLE_TIMER2_INTERRUPT;
 134   1      }
 135          
 136          /**
 137            * @brief Timer3 delay interrupt initial setting and timer 1 interrupt vector  
 138            * @param[in] u32SYSCLK define Fsys clock value. for example 8, use the real Fsys value.
 139            *                       - \ref 24 (use HIRC)
 140            *                       - \ref 8  (use MIRC)
 141            * @param[in] u6DLYUnit define delay time base is us. the minimum delay value not less than 100us, the ma
             -xima value base on u32SYSCLK
 142            *                       - \ref for 24MHz (use HIRC) value range is 100 ~ 349525.  means delay time from 
             -about 100us ~ 350ms
 143            * @return  None
 144            * @note    Timer 3 divider fixed with 128. Delay time from about 100us ~ 350ms
 145            * @exmaple :  fsys = 8MHz, delay 6.4ms  : Timer3_AutoReload_Interrupt_Initial(8,DIV128,6400);
 146          */
 147          #if 0
              void Timer3_ISR (void) interrupt 16        // Vector @  0x83
              {
              _push_(SFRS);
                  clr_T3CON_TF3;
              _pop_(SFRS);
              }
              #endif 
 155          
 156          void Timer3_AutoReload_Interrupt_Initial(unsigned char u8SYSCLK, unsigned long u32DLYUnit)
 157          {
 158   1          SFRS = 0;
 159   1          T3CON&=0xF8;
 160   1          T3CON|=0x07;     /*  Timer 3 divider fixed with 128.*/
 161   1          TIMER2CT = 65535ul-(u8SYSCLK*u32DLYUnit/128ul);
 162   1          TIMER2CT &= 0xFFFF;
 163   1          RH3 = HIBYTE(TIMER2CT);
 164   1          RL3 = LOBYTE(TIMER2CT);
C51 COMPILER V9.60.7.0   TIMER                                                             01/30/2024 09:22:11 PAGE 4   

 165   1          clr_T3CON_TF3;
 166   1          set_T3CON_TR3;                                    /* Trigger Timer3  */
 167   1          ENABLE_TIMER3_INTERRUPT;
 168   1      }
 169          


MODULE INFORMATION:   STATIC OVERLAYABLE
   CODE SIZE        =    457    ----
   CONSTANT SIZE    =   ----    ----
   XDATA SIZE       =   ----      20
   PDATA SIZE       =   ----    ----
   DATA SIZE        =     20    ----
   IDATA SIZE       =   ----    ----
   BIT SIZE         =   ----    ----
   EDATA SIZE       =   ----    ----
   HDATA SIZE       =   ----    ----
   XDATA CONST SIZE =   ----    ----
   FAR CONST SIZE   =   ----    ----
END OF MODULE INFORMATION.


C51 COMPILATION COMPLETE.  0 WARNING(S),  0 ERROR(S)
