C51 COMPILER V9.60.7.0   USER_UART_DELAY_TM2                                               01/30/2024 09:22:12 PAGE 1   


C51 COMPILER V9.60.7.0, COMPILATION OF MODULE USER_UART_DELAY_TM2
OBJECT MODULE PLACED IN .\Output\user_uart_delay_tm2.obj
COMPILER INVOKED BY: C:\Keil_v5\C51\BIN\C51.EXE ..\user_library\src\user_uart_delay_tm2.c LARGE OMF2 OPTIMIZE(7,SPEED) B
                    -ROWSE INCDIR(..\Library\Device\Include;..\Library\StdDriver\inc;..\user_library\inc) DEBUG PRINT(.\lst\user_uart_delay_t
                    -m2.lst) TABS(2) OBJECT(.\Output\user_uart_delay_tm2.obj)

line level    source

   1          #include "user_uart_delay_tm2.h"
   2          #include "ms51_16k.h"
   3          #include "user_ms51_macro.h"
   4          
   5          #define DELAY_FRAME 200
   6          #define BAUDRATE 81 
   7          void delay_us(unsigned int cnt)
   8          {
   9   1        T2MOD |= (1 << T2DIV1);   // f = fsys/16 = 1MHz
  10   1        
  11   1        TL2 = (65535 - cnt ) & 0xff;
  12   1        TH2 = (65535 - cnt ) >> 8;
  13   1        T2CON |= (1 << TR2);
  14   1        while((1 & (T2CON >> TF2)) == 0);
  15   1        T2CON &= ~(1 << TF2);
  16   1        T2CON &= ~(1 << TR2);
  17   1      }
  18          
  19          void delay_193us(void)
  20          {
  21   1        T2MOD |= (1 << T2DIV1);   // f = fsys/16 = 1MHz
  22   1        
  23   1        TL2 = (65535 - 200 ) & 0xff;
  24   1        TH2 = (65535 - 200 ) >> 8;
  25   1        T2CON |= (1 << TR2);
  26   1        while((1 & (T2CON >> TF2)) == 0);
  27   1        T2CON &= ~(1 << TF2);
  28   1        T2CON &= ~(1 << TR2);
  29   1      }
  30          
  31          void delay_ms(unsigned int cnt)
  32          {
  33   1        T2MOD |= (1 << T2DIV1);   // f = fsys/16 = 1MHz
  34   1        while(cnt)
  35   1        {
  36   2          TL2 = (65535 - 1000 ) & 0xff;
  37   2          TH2 = (65535 - 1000 ) >> 8;
  38   2          T2CON |= (1 << TR2);
  39   2          while((1 & (T2CON >> TF2)) == 0);
  40   2          T2CON &= ~(1 << TF2);
  41   2          T2CON &= ~(1 << TR2);
  42   2          cnt --;
  43   2        }
  44   1      }
  45          
  46          void user_gpio_output_tx_high(void)
  47          {
  48   1          P16 = 1;
  49   1      }
  50          void user_gpio_output_tx_low(void)
  51          {
  52   1          P16 = 0;
  53   1      }
C51 COMPILER V9.60.7.0   USER_UART_DELAY_TM2                                               01/30/2024 09:22:12 PAGE 2   

  54          
  55          void user_UART_software_init(void)
  56          {
  57   1          P1M1 &= ~(1 << 6);
  58   1          P1M2 |= (1 << 6);  // 0b0001 0000  = 0x10
  59   1      }
  60          
  61          void user_UART_software_send_byte(unsigned char TxData)
  62          {
  63   1        uint8_t i;
  64   1      
  65   1        user_gpio_output_tx_low();   // start 
  66   1      //  delay_193us();
  67   1        delay_us(BAUDRATE);
  68   1        for (i = 0; i < 8; i++) //send 8-bit data
  69   1        {
  70   2      
  71   2          if (TxData & 0x01)
  72   2          {
  73   3            user_gpio_output_tx_high();
  74   3          }
  75   2          else
  76   2          {
  77   3            user_gpio_output_tx_low();
  78   3          }
  79   2          delay_us(BAUDRATE);
  80   2          TxData >>= 1;
  81   2        }
  82   1        user_gpio_output_tx_high();
  83   1        delay_us(BAUDRATE);
  84   1      }
  85          
  86          void user_UART_software_send_string(unsigned char *TxData, unsigned long length)
  87          {
  88   1        uint32_t temp = 0;
  89   1      
  90   1        for(temp = 0; temp < length; temp ++)
  91   1        {
  92   2          user_UART_software_send_byte(TxData[temp]);
  93   2          delay_us(DELAY_FRAME);
  94   2        }
  95   1      }
  96          
  97          void user_UART_software_send_number(unsigned long number)
  98          {
  99   1        uint8_t temp = 0;
 100   1      
 101   1        temp = number / 1000;
 102   1        user_UART_software_send_byte(temp + 48);
 103   1        delay_us(DELAY_FRAME);
 104   1      
 105   1        temp = number % 1000 / 100;
 106   1        user_UART_software_send_byte(temp + 48);
 107   1        delay_us(DELAY_FRAME);
 108   1      
 109   1        temp = number % 100 / 10;
 110   1        user_UART_software_send_byte(temp + 48);
 111   1        delay_us(DELAY_FRAME);
 112   1      
 113   1        temp = number % 10;
 114   1        user_UART_software_send_byte(temp + 48);
 115   1        delay_us(DELAY_FRAME);
C51 COMPILER V9.60.7.0   USER_UART_DELAY_TM2                                               01/30/2024 09:22:12 PAGE 3   

 116   1      }
 117          
 118          
 119          
 120          
 121          
 122          
 123          
 124          
 125          


MODULE INFORMATION:   STATIC OVERLAYABLE
   CODE SIZE        =    570    ----
   CONSTANT SIZE    =   ----    ----
   XDATA SIZE       =   ----      17
   PDATA SIZE       =   ----    ----
   DATA SIZE        =   ----    ----
   IDATA SIZE       =   ----    ----
   BIT SIZE         =   ----    ----
   EDATA SIZE       =   ----    ----
   HDATA SIZE       =   ----    ----
   XDATA CONST SIZE =   ----    ----
   FAR CONST SIZE   =   ----    ----
END OF MODULE INFORMATION.


C51 COMPILATION COMPLETE.  0 WARNING(S),  0 ERROR(S)
